<?xml version="1.0" encoding="UTF-8"?>
<!-- Generated by org.testng.reporters.JUnitReportReporter -->
<testsuite name="scriptsDebugging.CP_003_debug" tests="1" time="14.565" ignored="0" failures="0" timestamp="26 jun 2018 23:16:21 GMT" skipped="0" hostname="LAPTOP-27NML7KQ" errors="0">
  <testcase name="f" time="14.565" classname="scriptsDebugging.CP_003_debug"/>
</testsuite> <!-- scriptsDebugging.CP_003_debug -->
