<?xml version="1.0" encoding="UTF-8"?>
<!-- Generated by org.testng.reporters.JUnitReportReporter -->
<testsuite name="scriptsDebugging.CP_001_debug" tests="1" time="16.578" ignored="0" failures="0" timestamp="28 jun 2018 20:40:30 GMT" skipped="0" hostname="LAPTOP-27NML7KQ" errors="0">
  <testcase name="f" time="16.578" classname="scriptsDebugging.CP_001_debug"/>
</testsuite> <!-- scriptsDebugging.CP_001_debug -->
